2024-03-06 21:00:07,059 DEBUG [HikariPool-1 housekeeper][HikariPool.java:421] - HikariPool-1 - Pool stats (total=10, active=0, idle=10, waiting=0)
2024-03-06 21:00:07,059 DEBUG [HikariPool-1 housekeeper][HikariPool.java:421] - HikariPool-1 - Pool stats (total=10, active=0, idle=10, waiting=0)
2024-03-06 21:00:07,060 DEBUG [HikariPool-1 housekeeper][HikariPool.java:517] - HikariPool-1 - Fill pool skipped, pool is at sufficient level.
2024-03-06 21:00:07,060 DEBUG [HikariPool-1 housekeeper][HikariPool.java:517] - HikariPool-1 - Fill pool skipped, pool is at sufficient level.
2024-03-06 21:00:37,062 DEBUG [HikariPool-1 housekeeper][HikariPool.java:421] - HikariPool-1 - Pool stats (total=10, active=0, idle=10, waiting=0)
2024-03-06 21:00:37,062 DEBUG [HikariPool-1 housekeeper][HikariPool.java:421] - HikariPool-1 - Pool stats (total=10, active=0, idle=10, waiting=0)
2024-03-06 21:00:37,063 DEBUG [HikariPool-1 housekeeper][HikariPool.java:517] - HikariPool-1 - Fill pool skipped, pool is at sufficient level.
2024-03-06 21:00:37,063 DEBUG [HikariPool-1 housekeeper][HikariPool.java:517] - HikariPool-1 - Fill pool skipped, pool is at sufficient level.
2024-03-06 21:01:07,068 DEBUG [HikariPool-1 housekeeper][HikariPool.java:421] - HikariPool-1 - Pool stats (total=10, active=0, idle=10, waiting=0)
2024-03-06 21:01:07,068 DEBUG [HikariPool-1 housekeeper][HikariPool.java:421] - HikariPool-1 - Pool stats (total=10, active=0, idle=10, waiting=0)
2024-03-06 21:01:07,068 DEBUG [HikariPool-1 housekeeper][HikariPool.java:517] - HikariPool-1 - Fill pool skipped, pool is at sufficient level.
2024-03-06 21:01:07,068 DEBUG [HikariPool-1 housekeeper][HikariPool.java:517] - HikariPool-1 - Fill pool skipped, pool is at sufficient level.
2024-03-06 21:01:37,071 DEBUG [HikariPool-1 housekeeper][HikariPool.java:421] - HikariPool-1 - Pool stats (total=10, active=0, idle=10, waiting=0)
2024-03-06 21:01:37,071 DEBUG [HikariPool-1 housekeeper][HikariPool.java:421] - HikariPool-1 - Pool stats (total=10, active=0, idle=10, waiting=0)
2024-03-06 21:01:37,071 DEBUG [HikariPool-1 housekeeper][HikariPool.java:517] - HikariPool-1 - Fill pool skipped, pool is at sufficient level.
2024-03-06 21:01:37,071 DEBUG [HikariPool-1 housekeeper][HikariPool.java:517] - HikariPool-1 - Fill pool skipped, pool is at sufficient level.
2024-03-06 21:01:59,700 DEBUG [http-nio-63040-exec-9][LogFormatUtils.java:91] - POST "/content/course/list?pageNo=1&pageSize=2", parameters={masked}
2024-03-06 21:01:59,700 DEBUG [http-nio-63040-exec-9][LogFormatUtils.java:91] - POST "/content/course/list?pageNo=1&pageSize=2", parameters={masked}
2024-03-06 21:01:59,700 DEBUG [http-nio-63040-exec-9][AbstractHandlerMapping.java:415] - Mapped to com.xuecheng.content.api.CourseBaseInfoController#list(PageParams, QueryCourseParamsDto)
2024-03-06 21:01:59,700 DEBUG [http-nio-63040-exec-9][AbstractHandlerMapping.java:415] - Mapped to com.xuecheng.content.api.CourseBaseInfoController#list(PageParams, QueryCourseParamsDto)
2024-03-06 21:01:59,701 DEBUG [http-nio-63040-exec-9][LogFormatUtils.java:91] - Read "application/json;charset=UTF-8" to [QueryCourseParamsDto(auditStatus=202004, courseName=java, publishStatus=)]
2024-03-06 21:01:59,701 DEBUG [http-nio-63040-exec-9][LogFormatUtils.java:91] - Read "application/json;charset=UTF-8" to [QueryCourseParamsDto(auditStatus=202004, courseName=java, publishStatus=)]
2024-03-06 21:01:59,701 DEBUG [http-nio-63040-exec-9][Logger.java:49] - Creating a new SqlSession
2024-03-06 21:01:59,701 DEBUG [http-nio-63040-exec-9][Logger.java:49] - Creating a new SqlSession
2024-03-06 21:01:59,701 DEBUG [http-nio-63040-exec-9][Logger.java:49] - SqlSession [org.apache.ibatis.session.defaults.DefaultSqlSession@774df068] was not registered for synchronization because synchronization is not active
2024-03-06 21:01:59,701 DEBUG [http-nio-63040-exec-9][Logger.java:49] - SqlSession [org.apache.ibatis.session.defaults.DefaultSqlSession@774df068] was not registered for synchronization because synchronization is not active
2024-03-06 21:01:59,704 DEBUG [http-nio-63040-exec-9][DataSourceUtils.java:115] - Fetching JDBC Connection from DataSource
2024-03-06 21:01:59,704 DEBUG [http-nio-63040-exec-9][DataSourceUtils.java:115] - Fetching JDBC Connection from DataSource
2024-03-06 21:01:59,705 DEBUG [http-nio-63040-exec-9][Logger.java:49] - JDBC Connection [HikariProxyConnection@790425169 wrapping com.mysql.cj.jdbc.ConnectionImpl@2b408dc1] will not be managed by Spring
2024-03-06 21:01:59,705 DEBUG [http-nio-63040-exec-9][Logger.java:49] - JDBC Connection [HikariProxyConnection@790425169 wrapping com.mysql.cj.jdbc.ConnectionImpl@2b408dc1] will not be managed by Spring
2024-03-06 21:01:59,705 DEBUG [http-nio-63040-exec-9][BaseJdbcLogger.java:137] - ==>  Preparing: SELECT COUNT(*) FROM course_base WHERE (name LIKE ? AND audit_status = ?)
2024-03-06 21:01:59,705 DEBUG [http-nio-63040-exec-9][BaseJdbcLogger.java:137] - ==>  Preparing: SELECT COUNT(*) FROM course_base WHERE (name LIKE ? AND audit_status = ?)
2024-03-06 21:01:59,706 DEBUG [http-nio-63040-exec-9][BaseJdbcLogger.java:137] - ==> Parameters: %java%(String), 202004(String)
2024-03-06 21:01:59,706 DEBUG [http-nio-63040-exec-9][BaseJdbcLogger.java:137] - ==> Parameters: %java%(String), 202004(String)
2024-03-06 21:01:59,707 DEBUG [http-nio-63040-exec-9][BaseJdbcLogger.java:137] - <==      Total: 1
2024-03-06 21:01:59,707 DEBUG [http-nio-63040-exec-9][BaseJdbcLogger.java:137] - <==      Total: 1
2024-03-06 21:01:59,707 DEBUG [http-nio-63040-exec-9][BaseJdbcLogger.java:137] - ==>  Preparing: SELECT id,company_id,company_name,name,users,tags,mt,st,grade,teachmode,description,pic,create_date,change_date,create_people,change_people,audit_status,status FROM course_base WHERE (name LIKE ? AND audit_status = ?) LIMIT ?
2024-03-06 21:01:59,707 DEBUG [http-nio-63040-exec-9][BaseJdbcLogger.java:137] - ==>  Preparing: SELECT id,company_id,company_name,name,users,tags,mt,st,grade,teachmode,description,pic,create_date,change_date,create_people,change_people,audit_status,status FROM course_base WHERE (name LIKE ? AND audit_status = ?) LIMIT ?
2024-03-06 21:01:59,708 DEBUG [http-nio-63040-exec-9][BaseJdbcLogger.java:137] - ==> Parameters: %java%(String), 202004(String), 2(Long)
2024-03-06 21:01:59,708 DEBUG [http-nio-63040-exec-9][BaseJdbcLogger.java:137] - ==> Parameters: %java%(String), 202004(String), 2(Long)
2024-03-06 21:01:59,709 DEBUG [http-nio-63040-exec-9][BaseJdbcLogger.java:137] - <==      Total: 2
2024-03-06 21:01:59,709 DEBUG [http-nio-63040-exec-9][BaseJdbcLogger.java:137] - <==      Total: 2
2024-03-06 21:01:59,710 DEBUG [http-nio-63040-exec-9][Logger.java:49] - Closing non transactional SqlSession [org.apache.ibatis.session.defaults.DefaultSqlSession@774df068]
2024-03-06 21:01:59,710 DEBUG [http-nio-63040-exec-9][Logger.java:49] - Closing non transactional SqlSession [org.apache.ibatis.session.defaults.DefaultSqlSession@774df068]
2024-03-06 21:01:59,710 DEBUG [http-nio-63040-exec-9][AbstractMessageConverterMethodProcessor.java:255] - Using 'application/json', given [*/*] and supported [application/json, application/*+json, application/json, application/*+json]
2024-03-06 21:01:59,710 DEBUG [http-nio-63040-exec-9][AbstractMessageConverterMethodProcessor.java:255] - Using 'application/json', given [*/*] and supported [application/json, application/*+json, application/json, application/*+json]
2024-03-06 21:01:59,710 DEBUG [http-nio-63040-exec-9][LogFormatUtils.java:91] - Writing [PageResult(items=[CourseBase(id=1, companyId=1232141425, companyName=, name=JAVA8/9/10新特性讲解, users=j (truncated)...]
2024-03-06 21:01:59,710 DEBUG [http-nio-63040-exec-9][LogFormatUtils.java:91] - Writing [PageResult(items=[CourseBase(id=1, companyId=1232141425, companyName=, name=JAVA8/9/10新特性讲解, users=j (truncated)...]
2024-03-06 21:01:59,711 DEBUG [http-nio-63040-exec-9][FrameworkServlet.java:1131] - Completed 200 OK
2024-03-06 21:01:59,711 DEBUG [http-nio-63040-exec-9][FrameworkServlet.java:1131] - Completed 200 OK
2024-03-06 21:02:07,074 DEBUG [HikariPool-1 housekeeper][HikariPool.java:421] - HikariPool-1 - Pool stats (total=10, active=0, idle=10, waiting=0)
2024-03-06 21:02:07,074 DEBUG [HikariPool-1 housekeeper][HikariPool.java:421] - HikariPool-1 - Pool stats (total=10, active=0, idle=10, waiting=0)
2024-03-06 21:02:07,074 DEBUG [HikariPool-1 housekeeper][HikariPool.java:517] - HikariPool-1 - Fill pool skipped, pool is at sufficient level.
2024-03-06 21:02:07,074 DEBUG [HikariPool-1 housekeeper][HikariPool.java:517] - HikariPool-1 - Fill pool skipped, pool is at sufficient level.
2024-03-06 21:02:37,081 DEBUG [HikariPool-1 housekeeper][HikariPool.java:421] - HikariPool-1 - Pool stats (total=10, active=0, idle=10, waiting=0)
2024-03-06 21:02:37,081 DEBUG [HikariPool-1 housekeeper][HikariPool.java:421] - HikariPool-1 - Pool stats (total=10, active=0, idle=10, waiting=0)
2024-03-06 21:02:37,081 DEBUG [HikariPool-1 housekeeper][HikariPool.java:517] - HikariPool-1 - Fill pool skipped, pool is at sufficient level.
2024-03-06 21:02:37,081 DEBUG [HikariPool-1 housekeeper][HikariPool.java:517] - HikariPool-1 - Fill pool skipped, pool is at sufficient level.
2024-03-06 21:03:07,093 DEBUG [HikariPool-1 housekeeper][HikariPool.java:421] - HikariPool-1 - Pool stats (total=10, active=0, idle=10, waiting=0)
2024-03-06 21:03:07,093 DEBUG [HikariPool-1 housekeeper][HikariPool.java:421] - HikariPool-1 - Pool stats (total=10, active=0, idle=10, waiting=0)
2024-03-06 21:03:07,093 DEBUG [HikariPool-1 housekeeper][HikariPool.java:517] - HikariPool-1 - Fill pool skipped, pool is at sufficient level.
2024-03-06 21:03:07,093 DEBUG [HikariPool-1 housekeeper][HikariPool.java:517] - HikariPool-1 - Fill pool skipped, pool is at sufficient level.
2024-03-06 21:03:37,095 DEBUG [HikariPool-1 housekeeper][HikariPool.java:421] - HikariPool-1 - Pool stats (total=10, active=0, idle=10, waiting=0)
2024-03-06 21:03:37,095 DEBUG [HikariPool-1 housekeeper][HikariPool.java:421] - HikariPool-1 - Pool stats (total=10, active=0, idle=10, waiting=0)
2024-03-06 21:03:37,095 DEBUG [HikariPool-1 housekeeper][HikariPool.java:517] - HikariPool-1 - Fill pool skipped, pool is at sufficient level.
2024-03-06 21:03:37,095 DEBUG [HikariPool-1 housekeeper][HikariPool.java:517] - HikariPool-1 - Fill pool skipped, pool is at sufficient level.
2024-03-06 21:04:07,104 DEBUG [HikariPool-1 housekeeper][HikariPool.java:421] - HikariPool-1 - Pool stats (total=10, active=0, idle=10, waiting=0)
2024-03-06 21:04:07,104 DEBUG [HikariPool-1 housekeeper][HikariPool.java:421] - HikariPool-1 - Pool stats (total=10, active=0, idle=10, waiting=0)
2024-03-06 21:04:07,104 DEBUG [HikariPool-1 housekeeper][HikariPool.java:517] - HikariPool-1 - Fill pool skipped, pool is at sufficient level.
2024-03-06 21:04:07,104 DEBUG [HikariPool-1 housekeeper][HikariPool.java:517] - HikariPool-1 - Fill pool skipped, pool is at sufficient level.
2024-03-06 21:04:37,114 DEBUG [HikariPool-1 housekeeper][HikariPool.java:421] - HikariPool-1 - Pool stats (total=10, active=0, idle=10, waiting=0)
2024-03-06 21:04:37,114 DEBUG [HikariPool-1 housekeeper][HikariPool.java:421] - HikariPool-1 - Pool stats (total=10, active=0, idle=10, waiting=0)
2024-03-06 21:04:37,114 DEBUG [HikariPool-1 housekeeper][HikariPool.java:517] - HikariPool-1 - Fill pool skipped, pool is at sufficient level.
2024-03-06 21:04:37,114 DEBUG [HikariPool-1 housekeeper][HikariPool.java:517] - HikariPool-1 - Fill pool skipped, pool is at sufficient level.
2024-03-06 21:05:07,120 DEBUG [HikariPool-1 housekeeper][HikariPool.java:421] - HikariPool-1 - Pool stats (total=10, active=0, idle=10, waiting=0)
2024-03-06 21:05:07,120 DEBUG [HikariPool-1 housekeeper][HikariPool.java:421] - HikariPool-1 - Pool stats (total=10, active=0, idle=10, waiting=0)
2024-03-06 21:05:07,121 DEBUG [HikariPool-1 housekeeper][HikariPool.java:517] - HikariPool-1 - Fill pool skipped, pool is at sufficient level.
2024-03-06 21:05:07,121 DEBUG [HikariPool-1 housekeeper][HikariPool.java:517] - HikariPool-1 - Fill pool skipped, pool is at sufficient level.
2024-03-06 21:05:37,123 DEBUG [HikariPool-1 housekeeper][HikariPool.java:421] - HikariPool-1 - Pool stats (total=10, active=0, idle=10, waiting=0)
2024-03-06 21:05:37,123 DEBUG [HikariPool-1 housekeeper][HikariPool.java:517] - HikariPool-1 - Fill pool skipped, pool is at sufficient level.
2024-03-06 21:05:37,123 DEBUG [HikariPool-1 housekeeper][HikariPool.java:421] - HikariPool-1 - Pool stats (total=10, active=0, idle=10, waiting=0)
2024-03-06 21:05:37,123 DEBUG [HikariPool-1 housekeeper][HikariPool.java:517] - HikariPool-1 - Fill pool skipped, pool is at sufficient level.
2024-03-06 21:06:07,130 DEBUG [HikariPool-1 housekeeper][HikariPool.java:421] - HikariPool-1 - Pool stats (total=10, active=0, idle=10, waiting=0)
2024-03-06 21:06:07,130 DEBUG [HikariPool-1 housekeeper][HikariPool.java:517] - HikariPool-1 - Fill pool skipped, pool is at sufficient level.
2024-03-06 21:06:07,130 DEBUG [HikariPool-1 housekeeper][HikariPool.java:421] - HikariPool-1 - Pool stats (total=10, active=0, idle=10, waiting=0)
2024-03-06 21:06:07,130 DEBUG [HikariPool-1 housekeeper][HikariPool.java:517] - HikariPool-1 - Fill pool skipped, pool is at sufficient level.
2024-03-06 21:06:37,137 DEBUG [HikariPool-1 housekeeper][HikariPool.java:421] - HikariPool-1 - Pool stats (total=10, active=0, idle=10, waiting=0)
2024-03-06 21:06:37,137 DEBUG [HikariPool-1 housekeeper][HikariPool.java:421] - HikariPool-1 - Pool stats (total=10, active=0, idle=10, waiting=0)
2024-03-06 21:06:37,137 DEBUG [HikariPool-1 housekeeper][HikariPool.java:517] - HikariPool-1 - Fill pool skipped, pool is at sufficient level.
2024-03-06 21:06:37,137 DEBUG [HikariPool-1 housekeeper][HikariPool.java:517] - HikariPool-1 - Fill pool skipped, pool is at sufficient level.
2024-03-06 21:06:43,308 DEBUG [http-nio-63040-exec-3][LogFormatUtils.java:91] - POST "/content/course/list?pageNo=1&pageSize=2", parameters={masked}
2024-03-06 21:06:43,308 DEBUG [http-nio-63040-exec-3][LogFormatUtils.java:91] - POST "/content/course/list?pageNo=1&pageSize=2", parameters={masked}
2024-03-06 21:06:43,309 DEBUG [http-nio-63040-exec-3][AbstractHandlerMapping.java:415] - Mapped to com.xuecheng.content.api.CourseBaseInfoController#list(PageParams, QueryCourseParamsDto)
2024-03-06 21:06:43,309 DEBUG [http-nio-63040-exec-3][AbstractHandlerMapping.java:415] - Mapped to com.xuecheng.content.api.CourseBaseInfoController#list(PageParams, QueryCourseParamsDto)
2024-03-06 21:06:43,310 DEBUG [http-nio-63040-exec-3][LogFormatUtils.java:91] - Read "application/json;charset=UTF-8" to [QueryCourseParamsDto(auditStatus=202004, courseName=java, publishStatus=)]
2024-03-06 21:06:43,310 DEBUG [http-nio-63040-exec-3][LogFormatUtils.java:91] - Read "application/json;charset=UTF-8" to [QueryCourseParamsDto(auditStatus=202004, courseName=java, publishStatus=)]
2024-03-06 21:06:43,311 DEBUG [http-nio-63040-exec-3][Logger.java:49] - Creating a new SqlSession
2024-03-06 21:06:43,311 DEBUG [http-nio-63040-exec-3][Logger.java:49] - Creating a new SqlSession
2024-03-06 21:06:43,311 DEBUG [http-nio-63040-exec-3][Logger.java:49] - SqlSession [org.apache.ibatis.session.defaults.DefaultSqlSession@152bf1b9] was not registered for synchronization because synchronization is not active
2024-03-06 21:06:43,311 DEBUG [http-nio-63040-exec-3][Logger.java:49] - SqlSession [org.apache.ibatis.session.defaults.DefaultSqlSession@152bf1b9] was not registered for synchronization because synchronization is not active
2024-03-06 21:06:43,314 DEBUG [http-nio-63040-exec-3][DataSourceUtils.java:115] - Fetching JDBC Connection from DataSource
2024-03-06 21:06:43,314 DEBUG [http-nio-63040-exec-3][DataSourceUtils.java:115] - Fetching JDBC Connection from DataSource
2024-03-06 21:06:43,315 DEBUG [http-nio-63040-exec-3][Logger.java:49] - JDBC Connection [HikariProxyConnection@1521494149 wrapping com.mysql.cj.jdbc.ConnectionImpl@2b408dc1] will not be managed by Spring
2024-03-06 21:06:43,315 DEBUG [http-nio-63040-exec-3][Logger.java:49] - JDBC Connection [HikariProxyConnection@1521494149 wrapping com.mysql.cj.jdbc.ConnectionImpl@2b408dc1] will not be managed by Spring
2024-03-06 21:06:43,315 DEBUG [http-nio-63040-exec-3][BaseJdbcLogger.java:137] - ==>  Preparing: SELECT COUNT(*) FROM course_base WHERE (name LIKE ? AND audit_status = ?)
2024-03-06 21:06:43,315 DEBUG [http-nio-63040-exec-3][BaseJdbcLogger.java:137] - ==>  Preparing: SELECT COUNT(*) FROM course_base WHERE (name LIKE ? AND audit_status = ?)
2024-03-06 21:06:43,315 DEBUG [http-nio-63040-exec-3][BaseJdbcLogger.java:137] - ==> Parameters: %java%(String), 202004(String)
2024-03-06 21:06:43,315 DEBUG [http-nio-63040-exec-3][BaseJdbcLogger.java:137] - ==> Parameters: %java%(String), 202004(String)
2024-03-06 21:06:43,316 DEBUG [http-nio-63040-exec-3][BaseJdbcLogger.java:137] - <==      Total: 1
2024-03-06 21:06:43,316 DEBUG [http-nio-63040-exec-3][BaseJdbcLogger.java:137] - <==      Total: 1
2024-03-06 21:06:43,317 DEBUG [http-nio-63040-exec-3][BaseJdbcLogger.java:137] - ==>  Preparing: SELECT id,company_id,company_name,name,users,tags,mt,st,grade,teachmode,description,pic,create_date,change_date,create_people,change_people,audit_status,status FROM course_base WHERE (name LIKE ? AND audit_status = ?) LIMIT ?
2024-03-06 21:06:43,317 DEBUG [http-nio-63040-exec-3][BaseJdbcLogger.java:137] - ==>  Preparing: SELECT id,company_id,company_name,name,users,tags,mt,st,grade,teachmode,description,pic,create_date,change_date,create_people,change_people,audit_status,status FROM course_base WHERE (name LIKE ? AND audit_status = ?) LIMIT ?
2024-03-06 21:06:43,317 DEBUG [http-nio-63040-exec-3][BaseJdbcLogger.java:137] - ==> Parameters: %java%(String), 202004(String), 2(Long)
2024-03-06 21:06:43,317 DEBUG [http-nio-63040-exec-3][BaseJdbcLogger.java:137] - ==> Parameters: %java%(String), 202004(String), 2(Long)
2024-03-06 21:06:43,319 DEBUG [http-nio-63040-exec-3][BaseJdbcLogger.java:137] - <==      Total: 2
2024-03-06 21:06:43,319 DEBUG [http-nio-63040-exec-3][BaseJdbcLogger.java:137] - <==      Total: 2
2024-03-06 21:06:43,319 DEBUG [http-nio-63040-exec-3][Logger.java:49] - Closing non transactional SqlSession [org.apache.ibatis.session.defaults.DefaultSqlSession@152bf1b9]
2024-03-06 21:06:43,319 DEBUG [http-nio-63040-exec-3][Logger.java:49] - Closing non transactional SqlSession [org.apache.ibatis.session.defaults.DefaultSqlSession@152bf1b9]
2024-03-06 21:06:43,320 DEBUG [http-nio-63040-exec-3][AbstractMessageConverterMethodProcessor.java:255] - Using 'application/json', given [*/*] and supported [application/json, application/*+json, application/json, application/*+json]
2024-03-06 21:06:43,320 DEBUG [http-nio-63040-exec-3][AbstractMessageConverterMethodProcessor.java:255] - Using 'application/json', given [*/*] and supported [application/json, application/*+json, application/json, application/*+json]
2024-03-06 21:06:43,320 DEBUG [http-nio-63040-exec-3][LogFormatUtils.java:91] - Writing [PageResult(items=[CourseBase(id=1, companyId=1232141425, companyName=, name=JAVA8/9/10新特性讲解, users=j (truncated)...]
2024-03-06 21:06:43,320 DEBUG [http-nio-63040-exec-3][LogFormatUtils.java:91] - Writing [PageResult(items=[CourseBase(id=1, companyId=1232141425, companyName=, name=JAVA8/9/10新特性讲解, users=j (truncated)...]
2024-03-06 21:06:43,321 DEBUG [http-nio-63040-exec-3][FrameworkServlet.java:1131] - Completed 200 OK
2024-03-06 21:06:43,321 DEBUG [http-nio-63040-exec-3][FrameworkServlet.java:1131] - Completed 200 OK
2024-03-06 21:07:07,143 DEBUG [HikariPool-1 housekeeper][HikariPool.java:421] - HikariPool-1 - Pool stats (total=10, active=0, idle=10, waiting=0)
2024-03-06 21:07:07,143 DEBUG [HikariPool-1 housekeeper][HikariPool.java:421] - HikariPool-1 - Pool stats (total=10, active=0, idle=10, waiting=0)
2024-03-06 21:07:07,143 DEBUG [HikariPool-1 housekeeper][HikariPool.java:517] - HikariPool-1 - Fill pool skipped, pool is at sufficient level.
2024-03-06 21:07:07,143 DEBUG [HikariPool-1 housekeeper][HikariPool.java:517] - HikariPool-1 - Fill pool skipped, pool is at sufficient level.
2024-03-06 21:07:37,156 DEBUG [HikariPool-1 housekeeper][HikariPool.java:421] - HikariPool-1 - Pool stats (total=10, active=0, idle=10, waiting=0)
2024-03-06 21:07:37,156 DEBUG [HikariPool-1 housekeeper][HikariPool.java:421] - HikariPool-1 - Pool stats (total=10, active=0, idle=10, waiting=0)
2024-03-06 21:07:37,156 DEBUG [HikariPool-1 housekeeper][HikariPool.java:517] - HikariPool-1 - Fill pool skipped, pool is at sufficient level.
2024-03-06 21:07:37,156 DEBUG [HikariPool-1 housekeeper][HikariPool.java:517] - HikariPool-1 - Fill pool skipped, pool is at sufficient level.
2024-03-06 21:08:07,165 DEBUG [HikariPool-1 housekeeper][HikariPool.java:421] - HikariPool-1 - Pool stats (total=10, active=0, idle=10, waiting=0)
2024-03-06 21:08:07,165 DEBUG [HikariPool-1 housekeeper][HikariPool.java:421] - HikariPool-1 - Pool stats (total=10, active=0, idle=10, waiting=0)
2024-03-06 21:08:07,165 DEBUG [HikariPool-1 housekeeper][HikariPool.java:517] - HikariPool-1 - Fill pool skipped, pool is at sufficient level.
2024-03-06 21:08:07,165 DEBUG [HikariPool-1 housekeeper][HikariPool.java:517] - HikariPool-1 - Fill pool skipped, pool is at sufficient level.
2024-03-06 21:08:37,177 DEBUG [HikariPool-1 housekeeper][HikariPool.java:421] - HikariPool-1 - Pool stats (total=10, active=0, idle=10, waiting=0)
2024-03-06 21:08:37,177 DEBUG [HikariPool-1 housekeeper][HikariPool.java:421] - HikariPool-1 - Pool stats (total=10, active=0, idle=10, waiting=0)
2024-03-06 21:08:37,178 DEBUG [HikariPool-1 housekeeper][HikariPool.java:517] - HikariPool-1 - Fill pool skipped, pool is at sufficient level.
2024-03-06 21:08:37,178 DEBUG [HikariPool-1 housekeeper][HikariPool.java:517] - HikariPool-1 - Fill pool skipped, pool is at sufficient level.
2024-03-06 21:09:07,180 DEBUG [HikariPool-1 housekeeper][HikariPool.java:421] - HikariPool-1 - Pool stats (total=10, active=0, idle=10, waiting=0)
2024-03-06 21:09:07,180 DEBUG [HikariPool-1 housekeeper][HikariPool.java:421] - HikariPool-1 - Pool stats (total=10, active=0, idle=10, waiting=0)
2024-03-06 21:09:07,180 DEBUG [HikariPool-1 housekeeper][HikariPool.java:517] - HikariPool-1 - Fill pool skipped, pool is at sufficient level.
2024-03-06 21:09:07,180 DEBUG [HikariPool-1 housekeeper][HikariPool.java:517] - HikariPool-1 - Fill pool skipped, pool is at sufficient level.
2024-03-06 21:09:37,187 DEBUG [HikariPool-1 housekeeper][HikariPool.java:421] - HikariPool-1 - Pool stats (total=10, active=0, idle=10, waiting=0)
2024-03-06 21:09:37,187 DEBUG [HikariPool-1 housekeeper][HikariPool.java:421] - HikariPool-1 - Pool stats (total=10, active=0, idle=10, waiting=0)
2024-03-06 21:09:37,187 DEBUG [HikariPool-1 housekeeper][HikariPool.java:517] - HikariPool-1 - Fill pool skipped, pool is at sufficient level.
2024-03-06 21:09:37,187 DEBUG [HikariPool-1 housekeeper][HikariPool.java:517] - HikariPool-1 - Fill pool skipped, pool is at sufficient level.
2024-03-06 21:10:07,199 DEBUG [HikariPool-1 housekeeper][HikariPool.java:421] - HikariPool-1 - Pool stats (total=10, active=0, idle=10, waiting=0)
2024-03-06 21:10:07,199 DEBUG [HikariPool-1 housekeeper][HikariPool.java:421] - HikariPool-1 - Pool stats (total=10, active=0, idle=10, waiting=0)
2024-03-06 21:10:07,199 DEBUG [HikariPool-1 housekeeper][HikariPool.java:517] - HikariPool-1 - Fill pool skipped, pool is at sufficient level.
2024-03-06 21:10:07,199 DEBUG [HikariPool-1 housekeeper][HikariPool.java:517] - HikariPool-1 - Fill pool skipped, pool is at sufficient level.
2024-03-06 21:10:31,815 DEBUG [http-nio-63040-exec-6][LogFormatUtils.java:91] - POST "/content/course/list?pageNo=1&pageSize=2", parameters={masked}
2024-03-06 21:10:31,815 DEBUG [http-nio-63040-exec-6][LogFormatUtils.java:91] - POST "/content/course/list?pageNo=1&pageSize=2", parameters={masked}
2024-03-06 21:10:31,815 DEBUG [http-nio-63040-exec-6][AbstractHandlerMapping.java:415] - Mapped to com.xuecheng.content.api.CourseBaseInfoController#list(PageParams, QueryCourseParamsDto)
2024-03-06 21:10:31,815 DEBUG [http-nio-63040-exec-6][AbstractHandlerMapping.java:415] - Mapped to com.xuecheng.content.api.CourseBaseInfoController#list(PageParams, QueryCourseParamsDto)
2024-03-06 21:10:31,816 DEBUG [http-nio-63040-exec-6][LogFormatUtils.java:91] - Read "application/json;charset=UTF-8" to [QueryCourseParamsDto(auditStatus=202004, courseName=java, publishStatus=)]
2024-03-06 21:10:31,816 DEBUG [http-nio-63040-exec-6][LogFormatUtils.java:91] - Read "application/json;charset=UTF-8" to [QueryCourseParamsDto(auditStatus=202004, courseName=java, publishStatus=)]
2024-03-06 21:10:31,817 DEBUG [http-nio-63040-exec-6][Logger.java:49] - Creating a new SqlSession
2024-03-06 21:10:31,817 DEBUG [http-nio-63040-exec-6][Logger.java:49] - Creating a new SqlSession
2024-03-06 21:10:31,817 DEBUG [http-nio-63040-exec-6][Logger.java:49] - SqlSession [org.apache.ibatis.session.defaults.DefaultSqlSession@6f49fb6c] was not registered for synchronization because synchronization is not active
2024-03-06 21:10:31,817 DEBUG [http-nio-63040-exec-6][Logger.java:49] - SqlSession [org.apache.ibatis.session.defaults.DefaultSqlSession@6f49fb6c] was not registered for synchronization because synchronization is not active
2024-03-06 21:10:31,844 DEBUG [http-nio-63040-exec-6][DataSourceUtils.java:115] - Fetching JDBC Connection from DataSource
2024-03-06 21:10:31,844 DEBUG [http-nio-63040-exec-6][DataSourceUtils.java:115] - Fetching JDBC Connection from DataSource
2024-03-06 21:10:31,845 DEBUG [http-nio-63040-exec-6][Logger.java:49] - JDBC Connection [HikariProxyConnection@1133722820 wrapping com.mysql.cj.jdbc.ConnectionImpl@2b408dc1] will not be managed by Spring
2024-03-06 21:10:31,845 DEBUG [http-nio-63040-exec-6][Logger.java:49] - JDBC Connection [HikariProxyConnection@1133722820 wrapping com.mysql.cj.jdbc.ConnectionImpl@2b408dc1] will not be managed by Spring
2024-03-06 21:10:31,845 DEBUG [http-nio-63040-exec-6][BaseJdbcLogger.java:137] - ==>  Preparing: SELECT COUNT(*) FROM course_base WHERE (name LIKE ? AND audit_status = ?)
2024-03-06 21:10:31,845 DEBUG [http-nio-63040-exec-6][BaseJdbcLogger.java:137] - ==>  Preparing: SELECT COUNT(*) FROM course_base WHERE (name LIKE ? AND audit_status = ?)
2024-03-06 21:10:31,846 DEBUG [http-nio-63040-exec-6][BaseJdbcLogger.java:137] - ==> Parameters: %java%(String), 202004(String)
2024-03-06 21:10:31,846 DEBUG [http-nio-63040-exec-6][BaseJdbcLogger.java:137] - ==> Parameters: %java%(String), 202004(String)
2024-03-06 21:10:31,848 DEBUG [http-nio-63040-exec-6][BaseJdbcLogger.java:137] - <==      Total: 1
2024-03-06 21:10:31,848 DEBUG [http-nio-63040-exec-6][BaseJdbcLogger.java:137] - <==      Total: 1
2024-03-06 21:10:31,849 DEBUG [http-nio-63040-exec-6][BaseJdbcLogger.java:137] - ==>  Preparing: SELECT id,company_id,company_name,name,users,tags,mt,st,grade,teachmode,description,pic,create_date,change_date,create_people,change_people,audit_status,status FROM course_base WHERE (name LIKE ? AND audit_status = ?) LIMIT ?
2024-03-06 21:10:31,849 DEBUG [http-nio-63040-exec-6][BaseJdbcLogger.java:137] - ==>  Preparing: SELECT id,company_id,company_name,name,users,tags,mt,st,grade,teachmode,description,pic,create_date,change_date,create_people,change_people,audit_status,status FROM course_base WHERE (name LIKE ? AND audit_status = ?) LIMIT ?
2024-03-06 21:10:31,849 DEBUG [http-nio-63040-exec-6][BaseJdbcLogger.java:137] - ==> Parameters: %java%(String), 202004(String), 2(Long)
2024-03-06 21:10:31,849 DEBUG [http-nio-63040-exec-6][BaseJdbcLogger.java:137] - ==> Parameters: %java%(String), 202004(String), 2(Long)
2024-03-06 21:10:31,851 DEBUG [http-nio-63040-exec-6][BaseJdbcLogger.java:137] - <==      Total: 2
2024-03-06 21:10:31,851 DEBUG [http-nio-63040-exec-6][BaseJdbcLogger.java:137] - <==      Total: 2
2024-03-06 21:10:31,852 DEBUG [http-nio-63040-exec-6][Logger.java:49] - Closing non transactional SqlSession [org.apache.ibatis.session.defaults.DefaultSqlSession@6f49fb6c]
2024-03-06 21:10:31,852 DEBUG [http-nio-63040-exec-6][Logger.java:49] - Closing non transactional SqlSession [org.apache.ibatis.session.defaults.DefaultSqlSession@6f49fb6c]
2024-03-06 21:10:31,852 DEBUG [http-nio-63040-exec-6][AbstractMessageConverterMethodProcessor.java:255] - Using 'application/json', given [*/*] and supported [application/json, application/*+json, application/json, application/*+json]
2024-03-06 21:10:31,852 DEBUG [http-nio-63040-exec-6][AbstractMessageConverterMethodProcessor.java:255] - Using 'application/json', given [*/*] and supported [application/json, application/*+json, application/json, application/*+json]
2024-03-06 21:10:31,852 DEBUG [http-nio-63040-exec-6][LogFormatUtils.java:91] - Writing [PageResult(items=[CourseBase(id=1, companyId=1232141425, companyName=, name=JAVA8/9/10新特性讲解, users=j (truncated)...]
2024-03-06 21:10:31,852 DEBUG [http-nio-63040-exec-6][LogFormatUtils.java:91] - Writing [PageResult(items=[CourseBase(id=1, companyId=1232141425, companyName=, name=JAVA8/9/10新特性讲解, users=j (truncated)...]
2024-03-06 21:10:31,853 DEBUG [http-nio-63040-exec-6][FrameworkServlet.java:1131] - Completed 200 OK
2024-03-06 21:10:31,853 DEBUG [http-nio-63040-exec-6][FrameworkServlet.java:1131] - Completed 200 OK
2024-03-06 21:10:37,213 DEBUG [HikariPool-1 housekeeper][HikariPool.java:421] - HikariPool-1 - Pool stats (total=10, active=0, idle=10, waiting=0)
2024-03-06 21:10:37,213 DEBUG [HikariPool-1 housekeeper][HikariPool.java:421] - HikariPool-1 - Pool stats (total=10, active=0, idle=10, waiting=0)
2024-03-06 21:10:37,213 DEBUG [HikariPool-1 housekeeper][HikariPool.java:517] - HikariPool-1 - Fill pool skipped, pool is at sufficient level.
2024-03-06 21:10:37,213 DEBUG [HikariPool-1 housekeeper][HikariPool.java:517] - HikariPool-1 - Fill pool skipped, pool is at sufficient level.
2024-03-06 21:11:07,215 DEBUG [HikariPool-1 housekeeper][HikariPool.java:421] - HikariPool-1 - Pool stats (total=10, active=0, idle=10, waiting=0)
2024-03-06 21:11:07,215 DEBUG [HikariPool-1 housekeeper][HikariPool.java:421] - HikariPool-1 - Pool stats (total=10, active=0, idle=10, waiting=0)
2024-03-06 21:11:07,215 DEBUG [HikariPool-1 housekeeper][HikariPool.java:517] - HikariPool-1 - Fill pool skipped, pool is at sufficient level.
2024-03-06 21:11:07,215 DEBUG [HikariPool-1 housekeeper][HikariPool.java:517] - HikariPool-1 - Fill pool skipped, pool is at sufficient level.
2024-03-06 21:11:37,225 DEBUG [HikariPool-1 housekeeper][HikariPool.java:421] - HikariPool-1 - Pool stats (total=10, active=0, idle=10, waiting=0)
2024-03-06 21:11:37,225 DEBUG [HikariPool-1 housekeeper][HikariPool.java:421] - HikariPool-1 - Pool stats (total=10, active=0, idle=10, waiting=0)
2024-03-06 21:11:37,225 DEBUG [HikariPool-1 housekeeper][HikariPool.java:517] - HikariPool-1 - Fill pool skipped, pool is at sufficient level.
2024-03-06 21:11:37,225 DEBUG [HikariPool-1 housekeeper][HikariPool.java:517] - HikariPool-1 - Fill pool skipped, pool is at sufficient level.
2024-03-06 21:12:07,231 DEBUG [HikariPool-1 housekeeper][HikariPool.java:421] - HikariPool-1 - Pool stats (total=10, active=0, idle=10, waiting=0)
2024-03-06 21:12:07,231 DEBUG [HikariPool-1 housekeeper][HikariPool.java:517] - HikariPool-1 - Fill pool skipped, pool is at sufficient level.
2024-03-06 21:12:07,231 DEBUG [HikariPool-1 housekeeper][HikariPool.java:421] - HikariPool-1 - Pool stats (total=10, active=0, idle=10, waiting=0)
2024-03-06 21:12:07,231 DEBUG [HikariPool-1 housekeeper][HikariPool.java:517] - HikariPool-1 - Fill pool skipped, pool is at sufficient level.
